<?xml version="1.0" encoding="UTF-8"?>
<testsuite name="test.pivotal.pal.trackerapi.WelcomeApiTest" tests="1" skipped="0" failures="0" errors="0" timestamp="2020-04-25T20:08:30" hostname="DESKTOP-1345FN6" time="0.021">
  <properties/>
  <testcase name="exampleTest()" classname="test.pivotal.pal.trackerapi.WelcomeApiTest" time="0.021"/>
  <system-out><![CDATA[2020-04-26 01:38:30.307  INFO 18056 --- [    Test worker] .b.t.c.SpringBootTestContextBootstrapper : Neither @ContextConfiguration nor @ContextHierarchy found for test class [test.pivotal.pal.trackerapi.WelcomeApiTest], using SpringBootContextLoader
2020-04-26 01:38:30.308  INFO 18056 --- [    Test worker] o.s.t.c.support.AbstractContextLoader    : Could not detect default resource locations for test class [test.pivotal.pal.trackerapi.WelcomeApiTest]: no resource found for suffixes {-context.xml, Context.groovy}.
2020-04-26 01:38:30.311  INFO 18056 --- [    Test worker] .b.t.c.SpringBootTestContextBootstrapper : Loaded default TestExecutionListener class names from location [META-INF/spring.factories]: [org.springframework.boot.test.autoconfigure.restdocs.RestDocsTestExecutionListener, org.springframework.boot.test.autoconfigure.web.client.MockRestServiceServerResetTestExecutionListener, org.springframework.boot.test.autoconfigure.web.servlet.MockMvcPrintOnlyOnFailureTestExecutionListener, org.springframework.boot.test.autoconfigure.web.servlet.WebDriverTestExecutionListener, org.springframework.boot.test.mock.mockito.MockitoTestExecutionListener, org.springframework.boot.test.mock.mockito.ResetMocksTestExecutionListener, org.springframework.test.context.web.ServletTestExecutionListener, org.springframework.test.context.support.DirtiesContextBeforeModesTestExecutionListener, org.springframework.test.context.support.DependencyInjectionTestExecutionListener, org.springframework.test.context.support.DirtiesContextTestExecutionListener, org.springframework.test.context.transaction.TransactionalTestExecutionListener, org.springframework.test.context.jdbc.SqlScriptsTestExecutionListener, org.springframework.test.context.event.EventPublishingTestExecutionListener]
2020-04-26 01:38:30.312  INFO 18056 --- [    Test worker] .b.t.c.SpringBootTestContextBootstrapper : Using TestExecutionListeners: [org.springframework.test.context.web.ServletTestExecutionListener@32afd0d1, org.springframework.test.context.support.DirtiesContextBeforeModesTestExecutionListener@17f4c258, org.springframework.boot.test.mock.mockito.MockitoTestExecutionListener@b6e95bb, org.springframework.boot.test.autoconfigure.SpringBootDependencyInjectionTestExecutionListener@56dd138c, org.springframework.test.context.support.DirtiesContextTestExecutionListener@1a3878de, org.springframework.test.context.transaction.TransactionalTestExecutionListener@2bef9fc3, org.springframework.test.context.jdbc.SqlScriptsTestExecutionListener@54531448, org.springframework.test.context.event.EventPublishingTestExecutionListener@6a2c2c3d, org.springframework.boot.test.autoconfigure.restdocs.RestDocsTestExecutionListener@330b572e, org.springframework.boot.test.autoconfigure.web.client.MockRestServiceServerResetTestExecutionListener@644dd70b, org.springframework.boot.test.autoconfigure.web.servlet.MockMvcPrintOnlyOnFailureTestExecutionListener@28706e9e, org.springframework.boot.test.autoconfigure.web.servlet.WebDriverTestExecutionListener@2336e269, org.springframework.boot.test.mock.mockito.ResetMocksTestExecutionListener@4a6d7306]
]]></system-out>
  <system-err><![CDATA[]]></system-err>
</testsuite>
