<?xml version="1.0" encoding="UTF-8"?>
<testsuite name="test.pivotal.pal.trackerapi.TimeEntryApiTest" tests="5" skipped="0" failures="0" errors="0" timestamp="2020-04-25T20:08:25" hostname="DESKTOP-1345FN6" time="4.809">
  <properties/>
  <testcase name="testList()" classname="test.pivotal.pal.trackerapi.TimeEntryApiTest" time="1.204"/>
  <testcase name="testRead()" classname="test.pivotal.pal.trackerapi.TimeEntryApiTest" time="0.877"/>
  <testcase name="testCreate()" classname="test.pivotal.pal.trackerapi.TimeEntryApiTest" time="0.845"/>
  <testcase name="testDelete()" classname="test.pivotal.pal.trackerapi.TimeEntryApiTest" time="0.971"/>
  <testcase name="testUpdate()" classname="test.pivotal.pal.trackerapi.TimeEntryApiTest" time="0.907"/>
  <system-out><![CDATA[2020-04-26 01:38:25.482  INFO 18056 --- [    Test worker] .b.t.c.SpringBootTestContextBootstrapper : Neither @ContextConfiguration nor @ContextHierarchy found for test class [test.pivotal.pal.trackerapi.TimeEntryApiTest], using SpringBootContextLoader
2020-04-26 01:38:25.483  INFO 18056 --- [    Test worker] o.s.t.c.support.AbstractContextLoader    : Could not detect default resource locations for test class [test.pivotal.pal.trackerapi.TimeEntryApiTest]: no resource found for suffixes {-context.xml, Context.groovy}.
2020-04-26 01:38:25.488  INFO 18056 --- [    Test worker] .b.t.c.SpringBootTestContextBootstrapper : Loaded default TestExecutionListener class names from location [META-INF/spring.factories]: [org.springframework.boot.test.autoconfigure.restdocs.RestDocsTestExecutionListener, org.springframework.boot.test.autoconfigure.web.client.MockRestServiceServerResetTestExecutionListener, org.springframework.boot.test.autoconfigure.web.servlet.MockMvcPrintOnlyOnFailureTestExecutionListener, org.springframework.boot.test.autoconfigure.web.servlet.WebDriverTestExecutionListener, org.springframework.boot.test.mock.mockito.MockitoTestExecutionListener, org.springframework.boot.test.mock.mockito.ResetMocksTestExecutionListener, org.springframework.test.context.web.ServletTestExecutionListener, org.springframework.test.context.support.DirtiesContextBeforeModesTestExecutionListener, org.springframework.test.context.support.DependencyInjectionTestExecutionListener, org.springframework.test.context.support.DirtiesContextTestExecutionListener, org.springframework.test.context.transaction.TransactionalTestExecutionListener, org.springframework.test.context.jdbc.SqlScriptsTestExecutionListener, org.springframework.test.context.event.EventPublishingTestExecutionListener]
2020-04-26 01:38:25.489  INFO 18056 --- [    Test worker] .b.t.c.SpringBootTestContextBootstrapper : Using TestExecutionListeners: [org.springframework.test.context.web.ServletTestExecutionListener@35fbd113, org.springframework.test.context.support.DirtiesContextBeforeModesTestExecutionListener@5827de3f, org.springframework.boot.test.mock.mockito.MockitoTestExecutionListener@781041fc, org.springframework.boot.test.autoconfigure.SpringBootDependencyInjectionTestExecutionListener@1015375d, org.springframework.test.context.support.DirtiesContextTestExecutionListener@7b8d1f05, org.springframework.test.context.transaction.TransactionalTestExecutionListener@1d3de06d, org.springframework.test.context.jdbc.SqlScriptsTestExecutionListener@67585d97, org.springframework.test.context.event.EventPublishingTestExecutionListener@5ece21fe, org.springframework.boot.test.autoconfigure.restdocs.RestDocsTestExecutionListener@4da86815, org.springframework.boot.test.autoconfigure.web.client.MockRestServiceServerResetTestExecutionListener@3f64d745, org.springframework.boot.test.autoconfigure.web.servlet.MockMvcPrintOnlyOnFailureTestExecutionListener@1a7591db, org.springframework.boot.test.autoconfigure.web.servlet.WebDriverTestExecutionListener@359b82ba, org.springframework.boot.test.mock.mockito.ResetMocksTestExecutionListener@3b7dacdc]
]]></system-out>
  <system-err><![CDATA[]]></system-err>
</testsuite>
