<?xml version="1.0" encoding="UTF-8"?>
<testsuite name="test.pivotal.pal.tracker.TimeEntryControllerTest" tests="7" skipped="0" failures="0" errors="0" timestamp="2020-04-25T20:08:12" hostname="DESKTOP-1345FN6" time="1.348">
  <properties/>
  <testcase name="testList()" classname="test.pivotal.pal.tracker.TimeEntryControllerTest" time="1.323"/>
  <testcase name="testRead()" classname="test.pivotal.pal.tracker.TimeEntryControllerTest" time="0.004"/>
  <testcase name="testRead_NotFound()" classname="test.pivotal.pal.tracker.TimeEntryControllerTest" time="0.002"/>
  <testcase name="testUpdate_NotFound()" classname="test.pivotal.pal.tracker.TimeEntryControllerTest" time="0.005"/>
  <testcase name="testCreate()" classname="test.pivotal.pal.tracker.TimeEntryControllerTest" time="0.002"/>
  <testcase name="testDelete()" classname="test.pivotal.pal.tracker.TimeEntryControllerTest" time="0.003"/>
  <testcase name="testUpdate()" classname="test.pivotal.pal.tracker.TimeEntryControllerTest" time="0.003"/>
  <system-out><![CDATA[]]></system-out>
  <system-err><![CDATA[]]></system-err>
</testsuite>
