<?xml version="1.0" encoding="UTF-8"?>
<testsuite name="test.pivotal.pal.trackerapi.HealthApiTest" tests="1" skipped="0" failures="0" errors="0" timestamp="2020-04-25T20:08:24" hostname="DESKTOP-1345FN6" time="1.283">
  <properties/>
  <testcase name="healthTest()" classname="test.pivotal.pal.trackerapi.HealthApiTest" time="1.283"/>
  <system-out><![CDATA[01:38:14.388 [Test worker] DEBUG org.springframework.test.context.BootstrapUtils - Instantiating CacheAwareContextLoaderDelegate from class [org.springframework.test.context.cache.DefaultCacheAwareContextLoaderDelegate]
01:38:14.419 [Test worker] DEBUG org.springframework.test.context.BootstrapUtils - Instantiating BootstrapContext using constructor [public org.springframework.test.context.support.DefaultBootstrapContext(java.lang.Class,org.springframework.test.context.CacheAwareContextLoaderDelegate)]
01:38:14.471 [Test worker] DEBUG org.springframework.test.context.BootstrapUtils - Instantiating TestContextBootstrapper for test class [test.pivotal.pal.trackerapi.HealthApiTest] from class [org.springframework.boot.test.context.SpringBootTestContextBootstrapper]
01:38:14.503 [Test worker] INFO org.springframework.boot.test.context.SpringBootTestContextBootstrapper - Neither @ContextConfiguration nor @ContextHierarchy found for test class [test.pivotal.pal.trackerapi.HealthApiTest], using SpringBootContextLoader
01:38:14.565 [Test worker] DEBUG org.springframework.test.context.support.AbstractContextLoader - Did not detect default resource location for test class [test.pivotal.pal.trackerapi.HealthApiTest]: class path resource [test/pivotal/pal/trackerapi/HealthApiTest-context.xml] does not exist
01:38:14.566 [Test worker] DEBUG org.springframework.test.context.support.AbstractContextLoader - Did not detect default resource location for test class [test.pivotal.pal.trackerapi.HealthApiTest]: class path resource [test/pivotal/pal/trackerapi/HealthApiTestContext.groovy] does not exist
01:38:14.566 [Test worker] INFO org.springframework.test.context.support.AbstractContextLoader - Could not detect default resource locations for test class [test.pivotal.pal.trackerapi.HealthApiTest]: no resource found for suffixes {-context.xml, Context.groovy}.
01:38:14.636 [Test worker] DEBUG org.springframework.test.context.support.ActiveProfilesUtils - Could not find an 'annotation declaring class' for annotation type [org.springframework.test.context.ActiveProfiles] and class [test.pivotal.pal.trackerapi.HealthApiTest]
01:38:14.812 [Test worker] DEBUG org.springframework.boot.test.context.SpringBootTestContextBootstrapper - @TestExecutionListeners is not present for class [test.pivotal.pal.trackerapi.HealthApiTest]: using defaults.
01:38:14.813 [Test worker] INFO org.springframework.boot.test.context.SpringBootTestContextBootstrapper - Loaded default TestExecutionListener class names from location [META-INF/spring.factories]: [org.springframework.boot.test.autoconfigure.restdocs.RestDocsTestExecutionListener, org.springframework.boot.test.autoconfigure.web.client.MockRestServiceServerResetTestExecutionListener, org.springframework.boot.test.autoconfigure.web.servlet.MockMvcPrintOnlyOnFailureTestExecutionListener, org.springframework.boot.test.autoconfigure.web.servlet.WebDriverTestExecutionListener, org.springframework.boot.test.mock.mockito.MockitoTestExecutionListener, org.springframework.boot.test.mock.mockito.ResetMocksTestExecutionListener, org.springframework.test.context.web.ServletTestExecutionListener, org.springframework.test.context.support.DirtiesContextBeforeModesTestExecutionListener, org.springframework.test.context.support.DependencyInjectionTestExecutionListener, org.springframework.test.context.support.DirtiesContextTestExecutionListener, org.springframework.test.context.transaction.TransactionalTestExecutionListener, org.springframework.test.context.jdbc.SqlScriptsTestExecutionListener, org.springframework.test.context.event.EventPublishingTestExecutionListener]
01:38:14.833 [Test worker] INFO org.springframework.boot.test.context.SpringBootTestContextBootstrapper - Using TestExecutionListeners: [org.springframework.test.context.web.ServletTestExecutionListener@1ae361a2, org.springframework.test.context.support.DirtiesContextBeforeModesTestExecutionListener@66344b4a, org.springframework.boot.test.mock.mockito.MockitoTestExecutionListener@1f29e68, org.springframework.boot.test.autoconfigure.SpringBootDependencyInjectionTestExecutionListener@2da76c42, org.springframework.test.context.support.DirtiesContextTestExecutionListener@2c48e625, org.springframework.test.context.transaction.TransactionalTestExecutionListener@686286fd, org.springframework.test.context.jdbc.SqlScriptsTestExecutionListener@7d764447, org.springframework.test.context.event.EventPublishingTestExecutionListener@6b25e2d7, org.springframework.boot.test.autoconfigure.restdocs.RestDocsTestExecutionListener@b75858, org.springframework.boot.test.autoconfigure.web.client.MockRestServiceServerResetTestExecutionListener@7c1e73dd, org.springframework.boot.test.autoconfigure.web.servlet.MockMvcPrintOnlyOnFailureTestExecutionListener@33055465, org.springframework.boot.test.autoconfigure.web.servlet.WebDriverTestExecutionListener@77723b88, org.springframework.boot.test.mock.mockito.ResetMocksTestExecutionListener@4d3dd8a6]
01:38:14.845 [Test worker] DEBUG org.springframework.test.context.support.AbstractDirtiesContextTestExecutionListener - Before test class: context [DefaultTestContext@1814f88c testClass = HealthApiTest, testInstance = [null], testMethod = [null], testException = [null], mergedContextConfiguration = [WebMergedContextConfiguration@7344183e testClass = HealthApiTest, locations = '{}', classes = '{class io.pivotal.pal.tracker.PalTrackerApplication, class io.pivotal.pal.tracker.PalTrackerApplication}', contextInitializerClasses = '[]', activeProfiles = '{}', propertySourceLocations = '{}', propertySourceProperties = '{org.springframework.boot.test.context.SpringBootTestContextBootstrapper=true, server.port=0}', contextCustomizers = set[org.springframework.boot.test.autoconfigure.properties.PropertyMappingContextCustomizer@0, org.springframework.boot.test.autoconfigure.web.servlet.WebDriverContextCustomizerFactory$Customizer@52e93b25, org.springframework.boot.test.context.filter.ExcludeFilterContextCustomizer@14c31c76, org.springframework.boot.test.json.DuplicateJsonObjectContextCustomizerFactory$DuplicateJsonObjectContextCustomizer@1731d5b2, org.springframework.boot.test.mock.mockito.MockitoContextCustomizer@0, org.springframework.boot.test.web.client.TestRestTemplateContextCustomizer@665ba9b1], resourceBasePath = 'src/main/webapp', contextLoader = 'org.springframework.boot.test.context.SpringBootContextLoader', parent = [null]], attributes = map['org.springframework.test.context.web.ServletTestExecutionListener.activateListener' -> false]], class annotated with @DirtiesContext [false] with mode [null].
01:38:14.859 [Test worker] DEBUG org.springframework.test.context.support.DependencyInjectionTestExecutionListener - Performing dependency injection for test context [[DefaultTestContext@1814f88c testClass = HealthApiTest, testInstance = test.pivotal.pal.trackerapi.HealthApiTest@3c2d5b9b, testMethod = [null], testException = [null], mergedContextConfiguration = [WebMergedContextConfiguration@7344183e testClass = HealthApiTest, locations = '{}', classes = '{class io.pivotal.pal.tracker.PalTrackerApplication, class io.pivotal.pal.tracker.PalTrackerApplication}', contextInitializerClasses = '[]', activeProfiles = '{}', propertySourceLocations = '{}', propertySourceProperties = '{org.springframework.boot.test.context.SpringBootTestContextBootstrapper=true, server.port=0}', contextCustomizers = set[org.springframework.boot.test.autoconfigure.properties.PropertyMappingContextCustomizer@0, org.springframework.boot.test.autoconfigure.web.servlet.WebDriverContextCustomizerFactory$Customizer@52e93b25, org.springframework.boot.test.context.filter.ExcludeFilterContextCustomizer@14c31c76, org.springframework.boot.test.json.DuplicateJsonObjectContextCustomizerFactory$DuplicateJsonObjectContextCustomizer@1731d5b2, org.springframework.boot.test.mock.mockito.MockitoContextCustomizer@0, org.springframework.boot.test.web.client.TestRestTemplateContextCustomizer@665ba9b1], resourceBasePath = 'src/main/webapp', contextLoader = 'org.springframework.boot.test.context.SpringBootContextLoader', parent = [null]], attributes = map['org.springframework.test.context.web.ServletTestExecutionListener.activateListener' -> false]]].
01:38:14.905 [Test worker] DEBUG org.springframework.test.context.support.TestPropertySourceUtils - Adding inlined properties to environment: {spring.jmx.enabled=false, org.springframework.boot.test.context.SpringBootTestContextBootstrapper=true, server.port=0}

  .   ____          _            __ _ _
 /\\ / ___'_ __ _ _(_)_ __  __ _ \ \ \ \
( ( )\___ | '_ | '_| | '_ \/ _` | \ \ \ \
 \\/  ___)| |_)| | | | | || (_| |  ) ) ) )
  '  |____| .__|_| |_|_| |_\__, | / / / /
 =========|_|==============|___/=/_/_/_/
 :: Spring Boot ::        (v2.2.2.RELEASE)

2020-04-26 01:38:16.339  INFO 18056 --- [    Test worker] t.pivotal.pal.trackerapi.HealthApiTest   : Starting HealthApiTest on DESKTOP-1345FN6 with PID 18056 (started by prasa in C:\workspace\pal-tracker-hm)
2020-04-26 01:38:16.353  INFO 18056 --- [    Test worker] t.pivotal.pal.trackerapi.HealthApiTest   : No active profile set, falling back to default profiles: default
2020-04-26 01:38:18.949  INFO 18056 --- [    Test worker] trationDelegate$BeanPostProcessorChecker : Bean 'org.springframework.transaction.annotation.ProxyTransactionManagementConfiguration' of type [org.springframework.transaction.annotation.ProxyTransactionManagementConfiguration] is not eligible for getting processed by all BeanPostProcessors (for example: not eligible for auto-proxying)
2020-04-26 01:38:19.670  INFO 18056 --- [    Test worker] o.s.b.w.embedded.tomcat.TomcatWebServer  : Tomcat initialized with port(s): 0 (http)
2020-04-26 01:38:19.689  INFO 18056 --- [    Test worker] o.apache.catalina.core.StandardService   : Starting service [Tomcat]
2020-04-26 01:38:19.689  INFO 18056 --- [    Test worker] org.apache.catalina.core.StandardEngine  : Starting Servlet engine: [Apache Tomcat/9.0.29]
2020-04-26 01:38:19.830  INFO 18056 --- [    Test worker] o.a.c.c.C.[Tomcat].[localhost].[/]       : Initializing Spring embedded WebApplicationContext
2020-04-26 01:38:19.831  INFO 18056 --- [    Test worker] o.s.web.context.ContextLoader            : Root WebApplicationContext: initialization completed in 3408 ms
2020-04-26 01:38:22.208  INFO 18056 --- [    Test worker] o.s.s.concurrent.ThreadPoolTaskExecutor  : Initializing ExecutorService 'applicationTaskExecutor'
2020-04-26 01:38:23.732  INFO 18056 --- [    Test worker] o.s.b.a.e.web.EndpointLinksResolver      : Exposing 13 endpoint(s) beneath base path '/actuator'
2020-04-26 01:38:23.945  INFO 18056 --- [    Test worker] o.s.b.w.embedded.tomcat.TomcatWebServer  : Tomcat started on port(s): 53027 (http) with context path ''
2020-04-26 01:38:23.970  INFO 18056 --- [    Test worker] t.pivotal.pal.trackerapi.HealthApiTest   : Started HealthApiTest in 9.058 seconds (JVM running for 14.552)
2020-04-26 01:38:24.624  INFO 18056 --- [o-auto-1-exec-1] o.a.c.c.C.[Tomcat].[localhost].[/]       : Initializing Spring DispatcherServlet 'dispatcherServlet'
2020-04-26 01:38:24.628  INFO 18056 --- [o-auto-1-exec-1] o.s.web.servlet.DispatcherServlet        : Initializing Servlet 'dispatcherServlet'
2020-04-26 01:38:24.676  INFO 18056 --- [o-auto-1-exec-1] o.s.web.servlet.DispatcherServlet        : Completed initialization in 47 ms
2020-04-26 01:38:24.744  INFO 18056 --- [o-auto-1-exec-1] com.zaxxer.hikari.HikariDataSource       : HikariPool-1 - Starting...
2020-04-26 01:38:25.140  INFO 18056 --- [o-auto-1-exec-1] com.zaxxer.hikari.HikariDataSource       : HikariPool-1 - Start completed.
]]></system-out>
  <system-err><![CDATA[]]></system-err>
</testsuite>
